<?xml version="1.0" encoding="UTF-8"?>
<!-- Generated by org.testng.reporters.JUnitReportReporter -->
<testsuite skipped="0" hostname="WINDOWS-74730O3" name="com.qadominicana.testcases.LoginTest" tests="1" failures="0" timestamp="21 ago 2019 15:14:42 GMT" time="2.482" errors="0">
  <testcase name="loginNormalUser" time="2.482" classname="com.qadominicana.testcases.LoginTest"/>
</testsuite> <!-- com.qadominicana.testcases.LoginTest -->
