<?xml version="1.0" encoding="UTF-8"?>
<!-- Generated by org.testng.reporters.JUnitReportReporter -->
<testsuite skipped="0" hostname="WINDOWS-74730O3" name="com.gbh.note.testcases.DeleteNoteTest" tests="1" failures="0" timestamp="01 sep 2019 19:29:23 GMT" time="2.058" errors="0">
  <testcase name="deleteNoteTest" time="2.058" classname="com.gbh.note.testcases.DeleteNoteTest"/>
</testsuite> <!-- com.gbh.note.testcases.DeleteNoteTest -->
