<?xml version="1.0" encoding="UTF-8"?>
<!-- Generated by org.testng.reporters.JUnitReportReporter -->
<testsuite skipped="0" hostname="WINDOWS-74730O3" name="com.qadominicana.testcases.BankManagerLoginTest" tests="1" failures="0" timestamp="30 ago 2019 00:44:08 GMT" time="0.089" errors="0">
  <testcase name="login" time="0.089" classname="com.qadominicana.testcases.BankManagerLoginTest"/>
</testsuite> <!-- com.qadominicana.testcases.BankManagerLoginTest -->
