<?xml version="1.0" encoding="UTF-8"?>
<!-- Generated by org.testng.reporters.JUnitReportReporter -->
<testsuite skipped="0" hostname="WINDOWS-74730O3" name="com.gbh.note.testcases.LoginTest" tests="1" failures="0" timestamp="01 sep 2019 19:28:09 GMT" time="4.889" errors="0">
  <testcase name="LoginTest" time="4.889" classname="com.gbh.note.testcases.LoginTest"/>
</testsuite> <!-- com.gbh.note.testcases.LoginTest -->
